2026-02-27 12:44:39 | [::1]:54021 | /products | CACHE_HIT
2026-02-27 12:44:39 | [::1]:54022 | /products | CACHE_HIT
2026-02-27 12:44:39 | [::1]:54023 | /products | CACHE_HIT
2026-02-27 12:44:39 | [::1]:54024 | /products | CACHE_HIT
2026-02-27 12:44:39 | [::1]:54025 | /products | CACHE_HIT
2026-02-27 12:44:39 | [::1]:54026 | /products | CACHE_HIT
2026-02-27 12:44:39 | [::1]:54027 | /products | CACHE_HIT
2026-02-27 13:05:13 | [::1]:54079 | /products | CACHE_MISS
2026-02-27 13:15:32 | [::1]:54099 | /products | CACHE_MISS
2026-02-27 13:15:33 | [::1]:54099 | /products | CACHE_HIT
2026-02-27 13:15:33 | [::1]:54099 | /products | CACHE_HIT
2026-02-27 13:15:33 | [::1]:54100 | /products | CACHE_HIT
2026-02-27 13:15:33 | [::1]:54101 | /products | CACHE_HIT
2026-02-27 13:15:33 | [::1]:54102 | /products | CACHE_HIT
2026-02-27 13:15:33 | [::1]:54103 | /products | CACHE_HIT
2026-02-27 13:15:33 | [::1]:54104 | /products | CACHE_HIT
2026-02-27 13:15:33 | [::1]:54105 | /products | CACHE_HIT
2026-02-27 13:15:33 | [::1]:54106 | /products | CACHE_HIT

Updated Logs starts from Here:
{"timestamp":"2026-02-27 13:17:32","ip":"[::1]:54121","path":"/products","level":"INFO","message":"Cache miss for /products"}
{"timestamp":"2026-02-27 13:17:33","ip":"[::1]:54121","path":"/products","level":"INFO","message":"Cache hit for /products"}
{"timestamp":"2026-02-27 13:17:33","ip":"[::1]:54121","path":"/stats","level":"INFO","message":"Stats requested"}
{"timestamp":"2026-02-27 13:17:33","ip":"[::1]:54121","path":"/products","level":"INFO","message":"Cache hit for /products"}
{"timestamp":"2026-02-27 13:17:33","ip":"[::1]:54123","path":"/products","level":"INFO","message":"Cache hit for /products"}
{"timestamp":"2026-02-27 13:17:33","ip":"[::1]:54124","path":"/products","level":"INFO","message":"Cache hit for /products"}
{"timestamp":"2026-02-27 13:17:33","ip":"[::1]:54125","path":"/products","level":"INFO","message":"Cache hit for /products"}
{"timestamp":"2026-02-27 13:17:33","ip":"[::1]:54126","path":"/products","level":"INFO","message":"Cache hit for /products"}
{"timestamp":"2026-02-27 13:17:33","ip":"[::1]:54127","path":"/products","level":"INFO","message":"Cache hit for /products"}
{"timestamp":"2026-02-27 13:17:33","ip":"[::1]:54128","path":"/products","level":"INFO","message":"Cache hit for /products"}
{"timestamp":"2026-02-27 13:17:33","ip":"[::1]:54129","path":"/products","level":"INFO","message":"Cache hit for /products"}
{"timestamp":"2026-02-27 13:18:40","ip":"[::1]:54137","path":"/stats","level":"INFO","message":"Stats requested"}
{"timestamp":"2026-02-27 13:19:59","ip":"[::1]:54152","path":"/stats","level":"INFO","message":"Stats requested"}
{"timestamp":"2026-02-27 13:20:00","ip":"[::1]:54152","path":"/stats","level":"INFO","message":"Stats requested"}
{"timestamp":"2026-02-27 13:20:01","ip":"[::1]:54152","path":"/stats","level":"INFO","message":"Stats requested"}
{"timestamp":"2026-02-27 13:20:27","ip":"[::1]:54152","path":"/products","level":"INFO","message":"Cache miss for /products"}
{"timestamp":"2026-02-27 13:20:32","ip":"[::1]:54152","path":"/products","level":"INFO","message":"Cache hit for /products"}
{"timestamp":"2026-02-27 13:20:34","ip":"[::1]:54152","path":"/products","level":"INFO","message":"Cache hit for /products"}
{"timestamp":"2026-02-27 14:03:35","ip":"[::1]:54217","path":"/products","level":"INFO","message":"Cache miss for /products"}
{"timestamp":"2026-02-27 14:03:48","ip":"[::1]:54217","path":"/products","level":"INFO","message":"Cache hit for /products"}
{"timestamp":"2026-02-27 14:03:50","ip":"[::1]:54217","path":"/products","level":"INFO","message":"Cache hit for /products"}
